<?xml version="1.0" encoding="UTF-8"?>
<!-- Generated by org.testng.reporters.JUnitReportReporter -->
<testsuite hostname="BDC4-L-GPX9L13" failures="0" tests="1" name="com.qa.Testcases.TC_ReRun_Pipelines" time="13.799" errors="0" timestamp="2022-04-11T13:36:21 IST" skipped="0">
  <testcase classname="com.qa.Testcases.TC_ReRun_Pipelines" name="Verify" time="13.799"/>
  <system-out/>
</testsuite> <!-- com.qa.Testcases.TC_ReRun_Pipelines -->
